

times in msec
 clock   self+sourced   self:  sourced script
 clock   elapsed:              other lines

000.011  000.011: --- VIM STARTING ---
000.109  000.098: Allocated generic buffers
000.291  000.182: locale set
000.310  000.019: GUI prepared
000.317  000.007: clipboard setup
000.324  000.007: window checked
000.947  000.623: inits 1
000.960  000.013: parsing arguments
430.988  430.028: expanding arguments
685.542  254.554: shell init
699.333  013.791: Termcap init
699.373  000.040: inits 2
753.155  053.782: init highlight
782.417  000.215  000.215: sourcing $VIM/vimrc
832.720  000.195  000.195: sourcing /usr/local/Cellar/macvim/7.3-66/MacVim.app/Contents/Resources/vim/runtime/ftoff.vim
853.002  000.256  000.256: sourcing /Users/andrew/.vim/bundle/vundle/autoload/vundle.vim
855.393  000.231  000.231: sourcing /Users/andrew/.vim/bundle/vundle/autoload/vundle/config.vim
926.926  041.050  041.050: sourcing /Users/andrew/.vim/macros/matchit.vim
1239.330  000.236  000.236: sourcing /Users/andrew/.vim/bundle/vim-elixir/ftdetect/elixir.vim
1274.790  000.229  000.229: sourcing /Users/andrew/.vim/bundle/vim-json/ftdetect/json.vim
1301.801  000.379  000.379: sourcing /Users/andrew/.vim/bundle/vim-coffee-script/ftdetect/coffee.vim
1330.713  000.144  000.144: sourcing /Users/andrew/.vim/bundle/vim-slim/ftdetect/slim.vim
1403.923  000.349  000.349: sourcing /Users/andrew/.vim/bundle/vim-haml/ftdetect/haml.vim
1444.432  000.146  000.146: sourcing /Users/andrew/.vim/bundle/vim-gemfile/ftdetect/Gemfile.vim
1491.377  001.012  001.012: sourcing /Users/andrew/.vim/bundle/vim-ruby/ftdetect/ruby.vim
1600.351  000.063  000.063: sourcing /Users/andrew/.vim/bundle/UltiSnips/ftdetect/UltiSnips.vim
1601.057  000.124  000.124: sourcing /Users/andrew/.vim/bundle/UltiSnips/ftdetect/snippets.vim
1774.213  827.579  824.897: sourcing /usr/local/Cellar/macvim/7.3-66/MacVim.app/Contents/Resources/vim/runtime/filetype.vim
1814.390  000.102  000.102: sourcing /usr/local/Cellar/macvim/7.3-66/MacVim.app/Contents/Resources/vim/runtime/ftplugin.vim
1889.462  000.150  000.150: sourcing /usr/local/Cellar/macvim/7.3-66/MacVim.app/Contents/Resources/vim/runtime/indent.vim
2343.201  440.971  440.971: sourcing /Users/andrew/.vim/bundle/vim-colorschemes/colors/wombat256mod.vim
2383.230  000.649  000.649: sourcing /usr/local/Cellar/macvim/7.3-66/MacVim.app/Contents/Resources/vim/runtime/syntax/syncolor.vim
2384.387  000.402  000.402: sourcing /usr/local/Cellar/macvim/7.3-66/MacVim.app/Contents/Resources/vim/runtime/syntax/syncolor.vim
2385.269  015.160  014.109: sourcing /Users/andrew/.vim/bundle/vim-colorschemes/colors/wombat256mod.vim
2385.422  015.613  000.453: sourcing /usr/local/Cellar/macvim/7.3-66/MacVim.app/Contents/Resources/vim/runtime/syntax/synload.vim
2385.478  025.475  009.862: sourcing /usr/local/Cellar/macvim/7.3-66/MacVim.app/Contents/Resources/vim/runtime/syntax/syntax.vim
2437.934  001.933  001.933: sourcing /Users/andrew/.vim/bundle/unite.vim/autoload/unite/custom.vim
2450.925  000.172  000.172: sourcing /Users/andrew/.vim/bundle/unite.vim/autoload/unite/filters/matcher_default.vim
2451.470  1663.669  326.555: sourcing $HOME/.vimrc
2451.484  036.445: sourcing vimrc file(s)
2557.700  005.795  005.795: sourcing /Users/andrew/.vim/bundle/vim-airline/autoload/airline.vim
2557.967  069.671  063.876: sourcing /Users/andrew/.vim/bundle/vim-airline/plugin/airline.vim
2585.907  009.311  009.311: sourcing /Users/andrew/.vim/bundle/tabular/plugin/Tabular.vim
2618.325  000.231  000.231: sourcing /Users/andrew/.vim/bundle/gist-vim/plugin/gist.vim
2636.828  000.688  000.688: sourcing /Users/andrew/.vim/bundle/vim-signify/plugin/signify.vim
2983.612  000.419  000.419: sourcing /Users/andrew/.vim/bundle/vim-tmuxify/plugin/tmuxify.vim
3098.450  017.642  017.642: sourcing /Users/andrew/.vim/bundle/vim-textobj-user/autoload/textobj/user.vim
3104.362  053.553  035.911: sourcing /Users/andrew/.vim/bundle/vim-textobj-rubyblock/plugin/textobj/rubyblock.vim
3533.346  000.141  000.141: sourcing /Users/andrew/.vim/bundle/ag.vim/plugin/ag.vim
3614.160  000.322  000.322: sourcing /Users/andrew/.vim/bundle/syntastic/plugin/syntastic/autoloclist.vim
3768.007  000.152  000.152: sourcing /Users/andrew/.vim/bundle/syntastic/plugin/syntastic/balloons.vim
3777.302  000.143  000.143: sourcing /Users/andrew/.vim/bundle/syntastic/plugin/syntastic/checker.vim
3785.392  000.118  000.118: sourcing /Users/andrew/.vim/bundle/syntastic/plugin/syntastic/cursor.vim
3785.968  000.121  000.121: sourcing /Users/andrew/.vim/bundle/syntastic/plugin/syntastic/highlighting.vim
3818.429  023.624  023.624: sourcing /Users/andrew/.vim/bundle/syntastic/plugin/syntastic/loclist.vim
3819.216  000.265  000.265: sourcing /Users/andrew/.vim/bundle/syntastic/plugin/syntastic/makeprg_builder.vim
3819.945  000.221  000.221: sourcing /Users/andrew/.vim/bundle/syntastic/plugin/syntastic/modemap.vim
3820.654  000.199  000.199: sourcing /Users/andrew/.vim/bundle/syntastic/plugin/syntastic/notifiers.vim
3821.976  000.887  000.887: sourcing /Users/andrew/.vim/bundle/syntastic/plugin/syntastic/registry.vim
3823.114  000.752  000.752: sourcing /Users/andrew/.vim/bundle/syntastic/plugin/syntastic/signs.vim
3911.831  000.031  000.031: sourcing /Users/andrew/.vim/bundle/syntastic/plugin/syntastic/autoloclist.vim
3911.924  000.035  000.035: sourcing /Users/andrew/.vim/bundle/syntastic/plugin/syntastic/balloons.vim
3912.005  000.024  000.024: sourcing /Users/andrew/.vim/bundle/syntastic/plugin/syntastic/checker.vim
3912.082  000.023  000.023: sourcing /Users/andrew/.vim/bundle/syntastic/plugin/syntastic/cursor.vim
3912.153  000.020  000.020: sourcing /Users/andrew/.vim/bundle/syntastic/plugin/syntastic/highlighting.vim
3912.221  000.018  000.018: sourcing /Users/andrew/.vim/bundle/syntastic/plugin/syntastic/loclist.vim
3912.287  000.018  000.018: sourcing /Users/andrew/.vim/bundle/syntastic/plugin/syntastic/makeprg_builder.vim
3912.351  000.017  000.017: sourcing /Users/andrew/.vim/bundle/syntastic/plugin/syntastic/modemap.vim
3912.414  000.017  000.017: sourcing /Users/andrew/.vim/bundle/syntastic/plugin/syntastic/notifiers.vim
3912.476  000.016  000.016: sourcing /Users/andrew/.vim/bundle/syntastic/plugin/syntastic/registry.vim
3912.539  000.015  000.015: sourcing /Users/andrew/.vim/bundle/syntastic/plugin/syntastic/signs.vim
4303.631  060.292  060.292: sourcing /Users/andrew/.vim/bundle/syntastic/autoload/syntastic/util.vim
4339.723  429.695  369.169: sourcing /Users/andrew/.vim/bundle/syntastic/plugin/syntastic.vim
4634.685  000.360  000.360: sourcing /Users/andrew/.vim/bundle/unite.vim/plugin/unite/bookmark.vim
4694.506  000.396  000.396: sourcing /Users/andrew/.vim/bundle/unite.vim/plugin/unite/buffer.vim
4702.942  000.204  000.204: sourcing /Users/andrew/.vim/bundle/unite.vim/plugin/unite/history_yank.vim
4725.044  000.287  000.287: sourcing /Users/andrew/.vim/bundle/unite.vim/plugin/unite/mru.vim
4738.751  000.358  000.358: sourcing /Users/andrew/.vim/bundle/unite.vim/plugin/unite/window.vim
4761.051  009.156  009.156: sourcing /Users/andrew/.vim/bundle/unite.vim/plugin/unite.vim
5221.509  056.006  056.006: sourcing /Users/andrew/.vim/bundle/vim-abolish/plugin/abolish.vim
5530.341  044.006  044.006: sourcing /Users/andrew/.vim/bundle/vim-bundler/plugin/bundler.vim
5653.093  000.158  000.158: sourcing /Users/andrew/.vim/bundle/vim-dispatch/plugin/dispatch.vim
5855.110  184.604  184.604: sourcing /Users/andrew/.vim/bundle/vim-fugitive/plugin/fugitive.vim
5875.280  000.567  000.567: sourcing /Users/andrew/.vim/bundle/vim-rails/plugin/rails.vim
5997.741  010.267  010.267: sourcing /Users/andrew/.vim/bundle/vim-rake/plugin/rake.vim
6031.320  009.431  009.431: sourcing /Users/andrew/.vim/bundle/vim-surround/plugin/surround.vim
6181.593  072.749  072.749: sourcing /Users/andrew/.vim/bundle/vim-unimpaired/plugin/unimpaired.vim
6464.499  207.793  207.793: sourcing /Users/andrew/.vim/bundle/YouCompleteMe/plugin/youcompleteme.vim
9015.498  2516.098  2516.098: sourcing /Users/andrew/.vim/bundle/UltiSnips/plugin/UltiSnips.vim
9084.536  000.144  000.144: sourcing /Users/andrew/.vim/bundle/UltiSnips/plugin/snipMate_compatibility.vim
9218.671  073.915  073.915: sourcing /Users/andrew/.vim/bundle/vimwiki/autoload/vimwiki/base.vim
9219.615  120.624  046.709: sourcing /Users/andrew/.vim/bundle/vimwiki/plugin/vimwiki.vim
9303.674  000.218  000.218: sourcing /usr/local/Cellar/macvim/7.3-66/MacVim.app/Contents/Resources/vim/runtime/plugin/getscriptPlugin.vim
9338.049  000.487  000.487: sourcing /usr/local/Cellar/macvim/7.3-66/MacVim.app/Contents/Resources/vim/runtime/plugin/gzip.vim
9381.038  026.416  026.416: sourcing /usr/local/Cellar/macvim/7.3-66/MacVim.app/Contents/Resources/vim/runtime/plugin/matchparen.vim
9438.537  030.801  030.801: sourcing /usr/local/Cellar/macvim/7.3-66/MacVim.app/Contents/Resources/vim/runtime/plugin/netrwPlugin.vim
9439.039  000.126  000.126: sourcing /usr/local/Cellar/macvim/7.3-66/MacVim.app/Contents/Resources/vim/runtime/plugin/rrhelper.vim
9439.455  000.086  000.086: sourcing /usr/local/Cellar/macvim/7.3-66/MacVim.app/Contents/Resources/vim/runtime/plugin/spellfile.vim
9458.306  000.298  000.298: sourcing /usr/local/Cellar/macvim/7.3-66/MacVim.app/Contents/Resources/vim/runtime/plugin/tarPlugin.vim
9459.829  000.555  000.555: sourcing /usr/local/Cellar/macvim/7.3-66/MacVim.app/Contents/Resources/vim/runtime/plugin/tohtml.vim
9460.265  000.165  000.165: sourcing /usr/local/Cellar/macvim/7.3-66/MacVim.app/Contents/Resources/vim/runtime/plugin/vimballPlugin.vim
9460.673  000.168  000.168: sourcing /usr/local/Cellar/macvim/7.3-66/MacVim.app/Contents/Resources/vim/runtime/plugin/zipPlugin.vim
9532.741  042.717  042.717: sourcing /Users/andrew/.vim/bundle/tabular/autoload/tabular.vim
9537.681  052.981  010.264: sourcing /Users/andrew/.vim/bundle/tabular/after/plugin/TabularMaps.vim
9558.786  000.385  000.385: sourcing /Users/andrew/.vim/bundle/UltiSnips/after/plugin/UltiSnips_after.vim
9558.852  3173.961: loading plugins
9558.882  000.030: inits 3
9578.263  019.381: reading viminfo
9578.291  000.028: setting raw mode
9578.323  000.032: start termcap
9578.387  000.064: clearing screen
9664.070  036.637  036.637: sourcing /Users/andrew/.vim/bundle/vim-airline/autoload/airline/init.vim
9665.455  000.520  000.520: sourcing /Users/andrew/.vim/bundle/vim-airline/autoload/airline/parts.vim
9667.712  001.261  001.261: sourcing /Users/andrew/.vim/bundle/vim-airline/autoload/airline/extensions.vim
9687.307  000.327  000.327: sourcing /Users/andrew/.vim/bundle/vim-airline/autoload/airline/extensions/unite.vim
9703.645  000.375  000.375: sourcing /Users/andrew/.vim/bundle/vim-airline/autoload/airline/extensions/hunks.vim
9712.891  000.340  000.340: sourcing /Users/andrew/.vim/bundle/vim-airline/autoload/airline/extensions/branch.vim
9714.911  000.178  000.178: sourcing /Users/andrew/.vim/bundle/vim-airline/autoload/airline/extensions/syntastic.vim
9730.051  000.451  000.451: sourcing /Users/andrew/.vim/bundle/vim-airline/autoload/airline/extensions/whitespace.vim
9740.054  000.381  000.381: sourcing /Users/andrew/.vim/bundle/vim-airline/autoload/airline/section.vim
9772.714  000.219  000.219: sourcing /Users/andrew/.vim/bundle/vim-airline/autoload/airline/themes.vim
9773.165  010.044  009.825: sourcing /Users/andrew/.vim/bundle/vim-airline/autoload/airline/themes/wombat.vim
9784.992  000.245  000.245: sourcing /Users/andrew/.vim/bundle/vim-airline/autoload/airline/builder.vim
9802.216  000.324  000.324: sourcing /Users/andrew/.vim/bundle/vim-airline/autoload/airline/util.vim
9803.077  000.242  000.242: sourcing /Users/andrew/.vim/bundle/vim-airline/autoload/airline/extensions/default.vim
9804.373  000.671  000.671: sourcing /Users/andrew/.vim/bundle/vim-airline/autoload/airline/highlighter.vim
9834.060  203.677: opening buffers
9834.210  000.150: BufEnter autocommands
9834.215  000.005: editing files in windows
9871.162  010.210  010.210: sourcing /Users/andrew/.vim/bundle/vim-signify/autoload/sy/highlight.vim
9930.116  012.779  012.779: sourcing /Users/andrew/.vim/bundle/YouCompleteMe/autoload/youcompleteme.vim
10546.505  690.301: VimEnter autocommands
10546.513  000.008: before starting main loop
10664.540  086.910  086.910: sourcing /Users/andrew/.vim/bundle/vim-signify/autoload/sy/repo.vim
10693.397  059.974: first screen update
10693.400  000.003: --- VIM STARTED ---
